<?xml version="1.0" encoding="UTF-8"?>
<!-- Generated by org.testng.reporters.JUnitReportReporter -->
<testsuite skipped="0" hostname="NWA-PC" name="Demo.Dynamic" tests="1" failures="0" timestamp="2023-02-17T01:55:02 IST" time="37.849" errors="0">
  <testcase name="setUp" time="37.849" classname="Demo.Dynamic"/>
  <system-out/>
</testsuite> <!-- Demo.Dynamic -->
