<?xml version="1.0" encoding="UTF-8"?>
<!-- Generated by org.testng.reporters.JUnitReportReporter -->
<testsuite skipped="0" hostname="NWA-PC" name="Demo.Movies" tests="1" failures="0" timestamp="2023-02-17T18:13:07 IST" time="82.071" errors="0">
  <testcase name="extractMovieDetails" time="82.071" classname="Demo.Movies"/>
  <system-out/>
</testsuite> <!-- Demo.Movies -->
